12/09/2015 14:35:18.854 | Unity Registrations :: Microsoft.Practices.Unity.IUnityContainer => Microsoft.Practices.Unity.IUnityContainer using ContainerLifetimeManager
12/09/2015 14:35:18.907 | Unity Registrations :: Rapid.Core.Common.ConfigGateway => Rapid.Core.Common.ConfigGateway using ContainerControlledLifetimeManager
12/09/2015 14:35:18.908 | Unity Registrations :: Rapid.Core.Common.IConfigGateway => Rapid.Core.Common.ConfigGateway using ContainerControlledLifetimeManager
12/09/2015 14:35:18.908 | Unity Registrations :: Rapid.Core.Common.RapidHandleErrorAttribute => Rapid.Core.Common.RapidHandleErrorAttribute using ContainerControlledLifetimeManager
12/09/2015 14:35:18.908 | Unity Registrations :: Rapid.Core.Data.ColumnAttribute => Rapid.Core.Data.ColumnAttribute using ContainerControlledLifetimeManager
12/09/2015 14:35:18.908 | Unity Registrations :: Rapid.Core.Data.Database => Rapid.Core.Data.Database using ContainerControlledLifetimeManager
12/09/2015 14:35:18.908 | Unity Registrations :: Rapid.Core.Data.IDatabase => Rapid.Core.Data.Database using ContainerControlledLifetimeManager
12/09/2015 14:35:18.908 | Unity Registrations :: Rapid.Core.Data.KeyAttribute => Rapid.Core.Data.KeyAttribute using ContainerControlledLifetimeManager
12/09/2015 14:35:18.908 | Unity Registrations :: Rapid.Core.Data.TableAttribute => Rapid.Core.Data.TableAttribute using ContainerControlledLifetimeManager
12/09/2015 14:35:18.908 | Unity Registrations :: Rapid.Core.Logging.ILoggingGateway => Rapid.Core.Logging.LoggingGateway using ContainerControlledLifetimeManager
12/09/2015 14:35:18.908 | Unity Registrations :: Rapid.Core.Logging.LoggingGateway => Rapid.Core.Logging.LoggingGateway using ContainerControlledLifetimeManager
12/09/2015 14:35:18.908 | Unity Registrations :: Rapid.Core.Logging.RapidLogEntry => Rapid.Core.Logging.RapidLogEntry using ContainerControlledLifetimeManager
12/09/2015 14:35:18.908 | Unity Registrations :: Rapid.Data.EmployeeRepository => Rapid.Data.EmployeeRepository using ContainerControlledLifetimeManager
12/09/2015 14:35:18.908 | Unity Registrations :: Rapid.Data.IEmployeeRepository => Rapid.Data.EmployeeRepository using ContainerControlledLifetimeManager
12/09/2015 14:35:18.908 | Unity Registrations :: Rapid.Service.DogManager => Rapid.Service.DogManager using ContainerControlledLifetimeManager
12/09/2015 14:35:18.908 | Unity Registrations :: Rapid.Service.EmployeeManager => Rapid.Service.EmployeeManager using ContainerControlledLifetimeManager
12/09/2015 14:35:18.908 | Unity Registrations :: Rapid.Service.IAnimalManager => Rapid.Service.DogManager using TransientLifetimeManager
12/09/2015 14:35:18.909 | Unity Registrations :: Rapid.Service.IAnimalManager => Rapid.Service.CatManager using TransientLifetimeManager
12/09/2015 14:35:18.909 | Unity Registrations :: Rapid.Service.IAnimalManager => Rapid.Service.OtherAnimalManager using TransientLifetimeManager
12/09/2015 14:35:18.909 | Unity Registrations :: Rapid.Service.IEmployeeManager => Rapid.Service.EmployeeManager using ContainerControlledLifetimeManager
12/09/2015 14:35:18.909 | Unity Registrations :: Rapid.Service.OtherAnimalManager => Rapid.Service.OtherAnimalManager using ContainerControlledLifetimeManager
12/09/2015 14:35:18.909 | Unity Registrations :: Rapid.Service.ServiceLocator => Rapid.Service.ServiceLocator using ContainerControlledLifetimeManager
12/09/2015 14:35:19.209 | Application Startup :: Application Starting.
12/09/2015 15:04:17.062 | Unity Registrations :: Microsoft.Practices.Unity.IUnityContainer => Microsoft.Practices.Unity.IUnityContainer using ContainerLifetimeManager
12/09/2015 15:04:17.064 | Unity Registrations :: Rapid.Core.Common.ConfigGateway => Rapid.Core.Common.ConfigGateway using ContainerControlledLifetimeManager
12/09/2015 15:04:17.064 | Unity Registrations :: Rapid.Core.Common.IConfigGateway => Rapid.Core.Common.ConfigGateway using ContainerControlledLifetimeManager
12/09/2015 15:04:17.064 | Unity Registrations :: Rapid.Core.Common.RapidHandleErrorAttribute => Rapid.Core.Common.RapidHandleErrorAttribute using ContainerControlledLifetimeManager
12/09/2015 15:04:17.064 | Unity Registrations :: Rapid.Core.Data.ColumnAttribute => Rapid.Core.Data.ColumnAttribute using ContainerControlledLifetimeManager
12/09/2015 15:04:17.064 | Unity Registrations :: Rapid.Core.Data.Database => Rapid.Core.Data.Database using ContainerControlledLifetimeManager
12/09/2015 15:04:17.064 | Unity Registrations :: Rapid.Core.Data.IDatabase => Rapid.Core.Data.Database using ContainerControlledLifetimeManager
12/09/2015 15:04:17.065 | Unity Registrations :: Rapid.Core.Data.KeyAttribute => Rapid.Core.Data.KeyAttribute using ContainerControlledLifetimeManager
12/09/2015 15:04:17.065 | Unity Registrations :: Rapid.Core.Data.TableAttribute => Rapid.Core.Data.TableAttribute using ContainerControlledLifetimeManager
12/09/2015 15:04:17.065 | Unity Registrations :: Rapid.Core.Logging.ILoggingGateway => Rapid.Core.Logging.LoggingGateway using ContainerControlledLifetimeManager
12/09/2015 15:04:17.065 | Unity Registrations :: Rapid.Core.Logging.LoggingGateway => Rapid.Core.Logging.LoggingGateway using ContainerControlledLifetimeManager
12/09/2015 15:04:17.065 | Unity Registrations :: Rapid.Core.Logging.RapidLogEntry => Rapid.Core.Logging.RapidLogEntry using ContainerControlledLifetimeManager
12/09/2015 15:04:17.065 | Unity Registrations :: Rapid.Data.EmployeeRepository => Rapid.Data.EmployeeRepository using ContainerControlledLifetimeManager
12/09/2015 15:04:17.065 | Unity Registrations :: Rapid.Data.IEmployeeRepository => Rapid.Data.EmployeeRepository using ContainerControlledLifetimeManager
12/09/2015 15:04:17.065 | Unity Registrations :: Rapid.Service.DogManager => Rapid.Service.DogManager using ContainerControlledLifetimeManager
12/09/2015 15:04:17.065 | Unity Registrations :: Rapid.Service.EmployeeManager => Rapid.Service.EmployeeManager using ContainerControlledLifetimeManager
12/09/2015 15:04:17.065 | Unity Registrations :: Rapid.Service.IAnimalManager => Rapid.Service.DogManager using TransientLifetimeManager
12/09/2015 15:04:17.065 | Unity Registrations :: Rapid.Service.IAnimalManager => Rapid.Service.CatManager using TransientLifetimeManager
12/09/2015 15:04:17.065 | Unity Registrations :: Rapid.Service.IAnimalManager => Rapid.Service.OtherAnimalManager using TransientLifetimeManager
12/09/2015 15:04:17.065 | Unity Registrations :: Rapid.Service.IEmployeeManager => Rapid.Service.EmployeeManager using ContainerControlledLifetimeManager
12/09/2015 15:04:17.065 | Unity Registrations :: Rapid.Service.OtherAnimalManager => Rapid.Service.OtherAnimalManager using ContainerControlledLifetimeManager
12/09/2015 15:04:17.065 | Unity Registrations :: Rapid.Service.ServiceLocator => Rapid.Service.ServiceLocator using ContainerControlledLifetimeManager
12/09/2015 15:04:19.658 | Application Startup :: Application Starting.
12/09/2015 15:20:32.037 | Unity Registrations :: Microsoft.Practices.Unity.IUnityContainer => Microsoft.Practices.Unity.IUnityContainer using ContainerLifetimeManager
12/09/2015 15:20:32.040 | Unity Registrations :: Rapid.Core.Common.ConfigGateway => Rapid.Core.Common.ConfigGateway using ContainerControlledLifetimeManager
12/09/2015 15:20:32.040 | Unity Registrations :: Rapid.Core.Common.IConfigGateway => Rapid.Core.Common.ConfigGateway using ContainerControlledLifetimeManager
12/09/2015 15:20:32.040 | Unity Registrations :: Rapid.Core.Common.RapidHandleErrorAttribute => Rapid.Core.Common.RapidHandleErrorAttribute using ContainerControlledLifetimeManager
12/09/2015 15:20:32.040 | Unity Registrations :: Rapid.Core.Data.ColumnAttribute => Rapid.Core.Data.ColumnAttribute using ContainerControlledLifetimeManager
12/09/2015 15:20:32.040 | Unity Registrations :: Rapid.Core.Data.Database => Rapid.Core.Data.Database using ContainerControlledLifetimeManager
12/09/2015 15:20:32.040 | Unity Registrations :: Rapid.Core.Data.IDatabase => Rapid.Core.Data.Database using ContainerControlledLifetimeManager
12/09/2015 15:20:32.040 | Unity Registrations :: Rapid.Core.Data.KeyAttribute => Rapid.Core.Data.KeyAttribute using ContainerControlledLifetimeManager
12/09/2015 15:20:32.040 | Unity Registrations :: Rapid.Core.Data.TableAttribute => Rapid.Core.Data.TableAttribute using ContainerControlledLifetimeManager
12/09/2015 15:20:32.041 | Unity Registrations :: Rapid.Core.Logging.ILoggingGateway => Rapid.Core.Logging.LoggingGateway using ContainerControlledLifetimeManager
12/09/2015 15:20:32.041 | Unity Registrations :: Rapid.Core.Logging.LoggingGateway => Rapid.Core.Logging.LoggingGateway using ContainerControlledLifetimeManager
12/09/2015 15:20:32.041 | Unity Registrations :: Rapid.Core.Logging.RapidLogEntry => Rapid.Core.Logging.RapidLogEntry using ContainerControlledLifetimeManager
12/09/2015 15:20:32.041 | Unity Registrations :: Rapid.Data.EmployeeRepository => Rapid.Data.EmployeeRepository using ContainerControlledLifetimeManager
12/09/2015 15:20:32.041 | Unity Registrations :: Rapid.Data.IEmployeeRepository => Rapid.Data.EmployeeRepository using ContainerControlledLifetimeManager
12/09/2015 15:20:32.041 | Unity Registrations :: Rapid.Service.DogManager => Rapid.Service.DogManager using ContainerControlledLifetimeManager
12/09/2015 15:20:32.041 | Unity Registrations :: Rapid.Service.EmployeeManager => Rapid.Service.EmployeeManager using ContainerControlledLifetimeManager
12/09/2015 15:20:32.041 | Unity Registrations :: Rapid.Service.IAnimalManager => Rapid.Service.DogManager using TransientLifetimeManager
12/09/2015 15:20:32.041 | Unity Registrations :: Rapid.Service.IAnimalManager => Rapid.Service.CatManager using TransientLifetimeManager
12/09/2015 15:20:32.041 | Unity Registrations :: Rapid.Service.IAnimalManager => Rapid.Service.OtherAnimalManager using TransientLifetimeManager
12/09/2015 15:20:32.041 | Unity Registrations :: Rapid.Service.IEmployeeManager => Rapid.Service.EmployeeManager using ContainerControlledLifetimeManager
12/09/2015 15:20:32.041 | Unity Registrations :: Rapid.Service.OtherAnimalManager => Rapid.Service.OtherAnimalManager using ContainerControlledLifetimeManager
12/09/2015 15:20:32.041 | Unity Registrations :: Rapid.Service.ServiceLocator => Rapid.Service.ServiceLocator using ContainerControlledLifetimeManager
12/09/2015 15:20:34.335 | Application Startup :: Application Starting.
